[2018-09-12 13:36:27] my_logger.INFO: get /champions [] []
[2018-09-12 13:48:36] my_logger.INFO: get /champions [] []
[2018-09-12 13:50:18] my_logger.INFO: get /champions [] []
[2018-09-12 13:52:40] my_logger.INFO: get /champions [] []
[2018-09-12 13:53:32] my_logger.INFO: get /champions [] []
[2018-09-12 13:53:38] my_logger.INFO: get /champions [] []
[2018-09-12 13:56:12] my_logger.INFO: get /champions [] []
[2018-09-12 14:00:49] my_logger.INFO: get /champions [] []
[2018-09-12 14:03:16] my_logger.INFO: get /champions [] []
[2018-09-12 14:03:19] my_logger.INFO: get /champions [] []
[2018-09-12 14:15:30] my_logger.INFO: get /champions [] []
[2018-09-12 14:18:39] my_logger.INFO: get /champions [] []
[2018-09-12 14:29:56] my_logger.INFO: POST /champions/ [] []
[2018-09-12 14:31:01] my_logger.INFO: get /champions [] []
[2018-09-12 14:31:55] my_logger.INFO: POST /champions/ [] []
[2018-09-12 14:32:29] my_logger.INFO: get /champions [] []
[2018-09-12 14:32:35] my_logger.INFO: get /champions [] []
[2018-09-13 13:38:26] my_logger.INFO: get /champions [] []
[2018-09-13 13:43:39] my_logger.INFO: get /champions [] []
[2018-09-13 13:44:00] my_logger.INFO: POST /champions/ [] []
[2018-09-13 13:44:25] my_logger.INFO: POST /champions/ [] []
[2018-09-13 13:44:26] my_logger.INFO: get /champions [] []
[2018-09-13 14:20:01] my_logger.INFO: POST /champions/ [] []
[2018-09-13 14:20:01] my_logger.INFO: get /champions [] []
[2018-09-13 14:23:53] my_logger.INFO: get /champions [] []
[2018-09-13 14:24:13] my_logger.INFO: get /champions6 [] []
[2018-09-13 14:24:40] my_logger.INFO: get /champions [] []
[2018-09-13 14:24:51] my_logger.INFO: get /champions [] []
[2018-09-13 14:27:01] my_logger.INFO: get /champions [] []
[2018-09-13 14:32:30] my_logger.INFO: get /champions [] []
[2018-09-13 14:49:48] my_logger.INFO: get /champions [] []
[2018-09-13 14:53:59] my_logger.INFO: get /champions [] []
[2018-09-13 15:03:09] my_logger.INFO: get /champions [] []
[2018-09-13 15:03:36] my_logger.INFO: get /champions [] []
[2018-09-13 15:04:00] my_logger.INFO: get /champions [] []
[2018-09-13 15:18:26] my_logger.INFO: get /champions [] []
[2018-09-13 15:21:57] my_logger.INFO: get /champions [] []
[2018-09-13 15:22:00] my_logger.INFO: DELETE /champions/5 [] []
[2018-09-13 15:22:08] my_logger.INFO: get /champions [] []
[2018-09-13 15:22:14] my_logger.INFO: DELETE /champions/6 [] []
[2018-09-13 15:22:15] my_logger.INFO: get /champions [] []
[2018-09-13 18:30:38] my_logger.INFO: get /champions [] []
[2018-09-13 18:58:35] my_logger.INFO: get /champions [] []
[2018-09-13 18:58:53] my_logger.INFO: get /champions [] []
[2018-09-13 18:59:43] my_logger.INFO: get /champions [] []
[2018-09-13 19:15:28] my_logger.INFO: get /champions [] []
[2018-09-13 19:15:36] my_logger.INFO: POST /champions/ [] []
[2018-09-13 19:15:37] my_logger.INFO: POST /champions/ [] []
[2018-09-13 19:15:37] my_logger.INFO: POST /champions/ [] []
[2018-09-13 19:15:37] my_logger.INFO: POST /champions/ [] []
[2018-09-13 19:15:38] my_logger.INFO: POST /champions/ [] []
[2018-09-13 19:15:38] my_logger.INFO: POST /champions/ [] []
[2018-09-13 19:15:38] my_logger.INFO: POST /champions/ [] []
[2018-09-13 19:15:44] my_logger.INFO: POST /champions/ [] []
[2018-09-13 19:15:44] my_logger.INFO: POST /champions/ [] []
[2018-09-14 12:39:23] my_logger.INFO: POST /champions/ [] []
[2018-09-14 12:39:36] my_logger.INFO: DELETE /champions/8 [] []
[2018-09-14 12:39:39] my_logger.INFO: get /champions [] []
[2018-09-14 12:39:48] my_logger.INFO: POST /champions/ [] []
[2018-09-14 12:40:45] my_logger.INFO: POST /champions/ [] []
[2018-09-14 12:41:04] my_logger.INFO: POST /champions/ [] []
[2018-09-14 12:41:06] my_logger.INFO: POST /champions/ [] []
[2018-09-14 12:41:08] my_logger.INFO: POST /champions/ [] []
[2018-09-14 12:41:14] my_logger.INFO: POST /champions/ [] []
[2018-09-14 12:41:55] my_logger.INFO: POST /champions/ [] []
[2018-09-14 12:44:17] my_logger.INFO: POST /champions/ [] []
[2018-09-14 12:44:23] my_logger.INFO: POST /champions/ [] []
[2018-09-14 12:47:33] my_logger.INFO: POST /champions/ [] []
[2018-09-14 12:47:33] my_logger.INFO: get /champions [] []
[2018-09-14 12:47:57] my_logger.INFO: POST /champions/ [] []
[2018-09-14 12:47:57] my_logger.INFO: get /champions [] []
[2018-09-14 12:49:27] my_logger.INFO: get /champions [] []
[2018-09-14 12:51:03] my_logger.INFO: get /champions [] []
[2018-09-14 12:52:10] my_logger.INFO: get /champions [] []
[2018-09-14 12:53:53] my_logger.INFO: get /champions [] []
[2018-09-14 12:55:07] my_logger.INFO: get /champions [] []
[2018-09-14 12:55:08] my_logger.INFO: get /champions1 [] []
[2018-09-14 12:55:19] my_logger.INFO: get /champions13 [] []
[2018-09-14 12:55:22] my_logger.INFO: get /champions13 [] []
[2018-09-14 12:55:38] my_logger.INFO: get /champions13 [] []
[2018-09-14 12:55:47] my_logger.INFO: get /champions [] []
[2018-09-14 12:56:03] my_logger.INFO: get /champions12 [] []
[2018-09-14 12:56:28] my_logger.INFO: get /champions [] []
[2018-09-14 12:56:32] my_logger.INFO: get /champions12 [] []
[2018-09-14 12:56:46] my_logger.INFO: get /champions12 [] []
[2018-09-14 12:57:19] my_logger.INFO: get /champions12 [] []
[2018-09-14 12:57:20] my_logger.INFO: get /champions12 [] []
[2018-09-14 12:57:26] my_logger.INFO: get /champions12 [] []
[2018-09-14 12:57:34] my_logger.INFO: get /champions [] []
[2018-09-14 12:57:38] my_logger.INFO: get /champions [] []
[2018-09-14 12:57:41] my_logger.INFO: get /champions12 [] []
[2018-09-14 12:57:45] my_logger.INFO: get /champions12 [] []
[2018-09-14 12:57:53] my_logger.INFO: get /champions12 [] []
[2018-09-14 13:00:16] my_logger.INFO: get /champions12 [] []
[2018-09-14 13:00:21] my_logger.INFO: get /champions12 [] []
[2018-09-14 13:02:12] my_logger.INFO: get /champions12 [] []
[2018-09-14 13:02:26] my_logger.INFO: get /champions12 [] []
[2018-09-14 13:02:36] my_logger.INFO: get /champions [] []
[2018-09-14 13:02:55] my_logger.INFO: get /champions [] []
[2018-09-14 13:02:57] my_logger.INFO: get /champions1 [] []
[2018-09-14 13:03:30] my_logger.INFO: get /champions1 [] []
[2018-09-14 13:03:54] my_logger.INFO: get /champions1 [] []
[2018-09-14 13:04:02] my_logger.INFO: POST /champions/ [] []
[2018-09-14 13:04:03] my_logger.INFO: get /champions [] []
[2018-09-14 13:04:11] my_logger.INFO: DELETE /champions/12 [] []
[2018-09-14 13:04:13] my_logger.INFO: get /champions [] []
[2018-09-14 13:04:34] my_logger.INFO: get /champions14 [] []
[2018-09-14 13:04:41] my_logger.INFO: POST /champions/ [] []
[2018-09-14 13:04:41] my_logger.INFO: get /champions [] []
[2018-09-14 13:04:45] my_logger.INFO: DELETE /champions/15 [] []
[2018-09-14 13:04:46] my_logger.INFO: get /champions [] []
[2018-09-14 13:08:07] my_logger.INFO: get /champions14 [] []
[2018-09-14 13:09:32] my_logger.INFO: get /champions [] []
[2018-09-14 13:09:33] my_logger.INFO: get /champions1 [] []
[2018-09-14 13:09:48] my_logger.INFO: get /champions1 [] []
[2018-09-14 13:10:18] my_logger.INFO: get /champions1 [] []
[2018-09-14 13:10:20] my_logger.INFO: get /champions [] []
[2018-09-14 13:10:21] my_logger.INFO: get /champions1 [] []
[2018-09-14 13:11:10] my_logger.INFO: get /champions [] []
[2018-09-14 13:11:11] my_logger.INFO: get /champions1 [] []
[2018-09-14 13:11:41] my_logger.INFO: get /champions1 [] []
[2018-09-14 20:58:17] my_logger.INFO: get /champions [] []
[2018-09-14 20:58:50] my_logger.INFO: POST /champions/ [] []
[2018-09-14 20:58:51] my_logger.INFO: get /champions [] []
[2018-09-14 20:59:06] my_logger.INFO: get /champions1 [] []
[2018-09-14 20:59:10] my_logger.INFO: get /champions1 [] []
[2018-11-14 04:06:04] my_logger.INFO: get /users [] []
[2018-11-14 04:10:07] my_logger.INFO: get /users [] []
[2018-11-14 13:24:40] my_logger.INFO: get /users [] []
[2018-11-14 13:24:59] my_logger.INFO: get /users [] []
[2018-11-14 13:58:21] my_logger.INFO: get /users1 [] []
[2018-11-14 13:58:33] my_logger.INFO: get /users1 [] []
[2018-11-14 13:59:07] my_logger.INFO: get /users1 [] []
[2018-11-14 15:26:58] my_logger.INFO: get /users1 [] []
[2018-11-14 15:27:17] my_logger.INFO: get /users1 [] []
[2018-11-14 15:31:26] my_logger.INFO: get /users [] []
[2018-11-14 15:31:31] my_logger.INFO: get /users1 [] []
[2018-11-14 15:31:34] my_logger.INFO: get /users [] []
[2018-11-14 15:32:28] my_logger.INFO: get /users [] []
[2018-11-14 15:34:07] my_logger.INFO: get /users [] []
[2018-11-14 15:34:16] my_logger.INFO: get /users [] []
[2018-11-14 15:34:20] my_logger.INFO: get /users [] []
[2018-11-14 15:34:49] my_logger.INFO: get /users1 [] []
[2018-11-14 15:48:06] my_logger.INFO: get /users1 [] []
[2018-11-14 16:13:15] my_logger.INFO: get /users [] []
[2018-11-30 15:19:49] my_logger.INFO: get /users [] []
[2018-11-30 15:20:24] my_logger.INFO: POST /users/ [] []
